{"/Users/andreas.aarvold/Documents/dev/ACN/workshop-github-actions/src/assets/styles/globalStyles.ts": {"path":"/Users/andreas.aarvold/Documents/dev/ACN/workshop-github-actions/src/assets/styles/globalStyles.ts","statementMap":{"0":{"start":{"line":1,"column":0},"end":{"line":1,"column":54}},"1":{"start":{"line":3,"column":0},"end":{"line":3,"column":56}},"2":{"start":{"line":5,"column":20},"end":{"line":63,"column":2}},"3":{"start":{"line":65,"column":0},"end":{"line":65,"column":27}}},"fnMap":{},"branchMap":{},"s":{"0":1,"1":1,"2":1,"3":1},"f":{},"b":{}}
,"/Users/andreas.aarvold/Documents/dev/ACN/workshop-github-actions/src/assets/styles/index.ts": {"path":"/Users/andreas.aarvold/Documents/dev/ACN/workshop-github-actions/src/assets/styles/index.ts","statementMap":{"0":{"start":{"line":1,"column":0},"end":{"line":1,"column":33}}},"fnMap":{},"branchMap":{},"s":{"0":2},"f":{},"b":{}}
,"/Users/andreas.aarvold/Documents/dev/ACN/workshop-github-actions/src/assets/styles/styleVariables.ts": {"path":"/Users/andreas.aarvold/Documents/dev/ACN/workshop-github-actions/src/assets/styles/styleVariables.ts","statementMap":{"0":{"start":{"line":1,"column":13},"end":{"line":13,"column":2}},"1":{"start":{"line":15,"column":13},"end":{"line":23,"column":2}},"2":{"start":{"line":25,"column":13},"end":{"line":27,"column":2}},"3":{"start":{"line":29,"column":13},"end":{"line":31,"column":2}},"4":{"start":{"line":33,"column":13},"end":{"line":36,"column":2}},"5":{"start":{"line":38,"column":13},"end":{"line":38,"column":28}},"6":{"start":{"line":40,"column":13},"end":{"line":45,"column":2}},"7":{"start":{"line":47,"column":13},"end":{"line":52,"column":2}}},"fnMap":{},"branchMap":{},"s":{"0":2,"1":2,"2":2,"3":2,"4":2,"5":2,"6":2,"7":2},"f":{},"b":{}}
,"/Users/andreas.aarvold/Documents/dev/ACN/workshop-github-actions/src/components/index.ts": {"path":"/Users/andreas.aarvold/Documents/dev/ACN/workshop-github-actions/src/components/index.ts","statementMap":{"0":{"start":{"line":1,"column":0},"end":{"line":1,"column":23}}},"fnMap":{},"branchMap":{},"s":{"0":1},"f":{},"b":{}}
,"/Users/andreas.aarvold/Documents/dev/ACN/workshop-github-actions/src/components/Task/Task.tsx": {"path":"/Users/andreas.aarvold/Documents/dev/ACN/workshop-github-actions/src/components/Task/Task.tsx","statementMap":{"0":{"start":{"line":1,"column":0},"end":{"line":1,"column":31}},"1":{"start":{"line":2,"column":0},"end":{"line":2,"column":46}},"2":{"start":{"line":3,"column":0},"end":{"line":3,"column":39}},"3":{"start":{"line":5,"column":0},"end":{"line":5,"column":45}},"4":{"start":{"line":16,"column":18},"end":{"line":24,"column":2}},"5":{"start":{"line":23,"column":8},"end":{"line":23,"column":70}},"6":{"start":{"line":26,"column":23},"end":{"line":31,"column":2}},"7":{"start":{"line":29,"column":32},"end":{"line":29,"column":74}},"8":{"start":{"line":33,"column":14},"end":{"line":36,"column":2}},"9":{"start":{"line":35,"column":24},"end":{"line":35,"column":72}},"10":{"start":{"line":38,"column":11},"end":{"line":42,"column":2}},"11":{"start":{"line":40,"column":28},"end":{"line":40,"column":64}},"12":{"start":{"line":44,"column":10},"end":{"line":47,"column":2}},"13":{"start":{"line":49,"column":35},"end":{"line":66,"column":1}},"14":{"start":{"line":50,"column":4},"end":{"line":65,"column":6}},"15":{"start":{"line":68,"column":9},"end":{"line":68,"column":13}}},"fnMap":{"0":{"name":"(anonymous_0)","decl":{"start":{"line":22,"column":24},"end":{"line":22,"column":29}},"loc":{"start":{"line":23,"column":8},"end":{"line":23,"column":70}}},"1":{"name":"(anonymous_1)","decl":{"start":{"line":29,"column":22},"end":{"line":29,"column":27}},"loc":{"start":{"line":29,"column":32},"end":{"line":29,"column":74}}},"2":{"name":"(anonymous_2)","decl":{"start":{"line":35,"column":14},"end":{"line":35,"column":19}},"loc":{"start":{"line":35,"column":24},"end":{"line":35,"column":72}}},"3":{"name":"(anonymous_3)","decl":{"start":{"line":40,"column":18},"end":{"line":40,"column":23}},"loc":{"start":{"line":40,"column":28},"end":{"line":40,"column":64}}},"4":{"name":"(anonymous_4)","decl":{"start":{"line":49,"column":35},"end":{"line":49,"column":40}},"loc":{"start":{"line":49,"column":43},"end":{"line":66,"column":1}}}},"branchMap":{"0":{"loc":{"start":{"line":23,"column":26},"end":{"line":23,"column":45}},"type":"cond-expr","locations":[{"start":{"line":23,"column":26},"end":{"line":23,"column":45}},{"start":{"line":23,"column":48},"end":{"line":23,"column":70}}]},"1":{"loc":{"start":{"line":29,"column":53},"end":{"line":29,"column":66}},"type":"cond-expr","locations":[{"start":{"line":29,"column":53},"end":{"line":29,"column":66}},{"start":{"line":29,"column":69},"end":{"line":29,"column":74}}]},"2":{"loc":{"start":{"line":35,"column":45},"end":{"line":35,"column":57}},"type":"cond-expr","locations":[{"start":{"line":35,"column":45},"end":{"line":35,"column":57}},{"start":{"line":35,"column":60},"end":{"line":35,"column":72}}]},"3":{"loc":{"start":{"line":40,"column":49},"end":{"line":40,"column":54}},"type":"cond-expr","locations":[{"start":{"line":40,"column":49},"end":{"line":40,"column":54}},{"start":{"line":40,"column":57},"end":{"line":40,"column":64}}]},"4":{"loc":{"start":{"line":58,"column":43},"end":{"line":58,"column":52}},"type":"cond-expr","locations":[{"start":{"line":58,"column":43},"end":{"line":58,"column":52}},{"start":{"line":58,"column":55},"end":{"line":58,"column":75}}]}},"s":{"0":2,"1":2,"2":2,"3":2,"4":2,"5":15,"6":2,"7":15,"8":2,"9":15,"10":2,"11":15,"12":2,"13":2,"14":15,"15":2},"f":{"0":15,"1":15,"2":15,"3":15,"4":15},"b":{"0":[1,14],"1":[7,8],"2":[7,8],"3":[7,8],"4":[1,14]}}
,"/Users/andreas.aarvold/Documents/dev/ACN/workshop-github-actions/src/components/Task/index.ts": {"path":"/Users/andreas.aarvold/Documents/dev/ACN/workshop-github-actions/src/components/Task/index.ts","statementMap":{"0":{"start":{"line":1,"column":0},"end":{"line":1,"column":23}}},"fnMap":{},"branchMap":{},"s":{"0":1},"f":{},"b":{}}
,"/Users/andreas.aarvold/Documents/dev/ACN/workshop-github-actions/src/constants/taskpt.ts": {"path":"/Users/andreas.aarvold/Documents/dev/ACN/workshop-github-actions/src/constants/taskpt.ts","statementMap":{"0":{"start":{"line":1,"column":13},"end":{"line":9,"column":2}}},"fnMap":{},"branchMap":{},"s":{"0":1},"f":{},"b":{}}
,"/Users/andreas.aarvold/Documents/dev/ACN/workshop-github-actions/src/containers/app/App.tsx": {"path":"/Users/andreas.aarvold/Documents/dev/ACN/workshop-github-actions/src/containers/app/App.tsx","statementMap":{"0":{"start":{"line":1,"column":0},"end":{"line":1,"column":31}},"1":{"start":{"line":2,"column":0},"end":{"line":2,"column":42}},"2":{"start":{"line":3,"column":0},"end":{"line":3,"column":39}},"3":{"start":{"line":5,"column":0},"end":{"line":5,"column":59}},"4":{"start":{"line":6,"column":0},"end":{"line":6,"column":45}},"5":{"start":{"line":7,"column":0},"end":{"line":7,"column":70}},"6":{"start":{"line":9,"column":0},"end":{"line":9,"column":39}},"7":{"start":{"line":10,"column":0},"end":{"line":10,"column":36}},"8":{"start":{"line":12,"column":18},"end":{"line":18,"column":2}},"9":{"start":{"line":19,"column":0},"end":{"line":19,"column":30}},"10":{"start":{"line":21,"column":22},"end":{"line":33,"column":1}},"11":{"start":{"line":22,"column":4},"end":{"line":32,"column":6}},"12":{"start":{"line":35,"column":0},"end":{"line":35,"column":19}}},"fnMap":{"0":{"name":"(anonymous_0)","decl":{"start":{"line":21,"column":22},"end":{"line":21,"column":25}},"loc":{"start":{"line":21,"column":27},"end":{"line":33,"column":1}}}},"branchMap":{},"s":{"0":1,"1":1,"2":1,"3":1,"4":1,"5":1,"6":1,"7":1,"8":1,"9":1,"10":1,"11":2,"12":1},"f":{"0":2},"b":{}}
,"/Users/andreas.aarvold/Documents/dev/ACN/workshop-github-actions/src/containers/home/Header.tsx": {"path":"/Users/andreas.aarvold/Documents/dev/ACN/workshop-github-actions/src/containers/home/Header.tsx","statementMap":{"0":{"start":{"line":1,"column":0},"end":{"line":1,"column":31}},"1":{"start":{"line":2,"column":0},"end":{"line":2,"column":39}},"2":{"start":{"line":4,"column":0},"end":{"line":4,"column":66}},"3":{"start":{"line":6,"column":18},"end":{"line":13,"column":2}},"4":{"start":{"line":15,"column":21},"end":{"line":19,"column":2}},"5":{"start":{"line":21,"column":11},"end":{"line":24,"column":2}},"6":{"start":{"line":26,"column":11},"end":{"line":29,"column":2}},"7":{"start":{"line":31,"column":10},"end":{"line":33,"column":2}},"8":{"start":{"line":35,"column":12},"end":{"line":37,"column":2}},"9":{"start":{"line":39,"column":41},"end":{"line":63,"column":1}},"10":{"start":{"line":40,"column":4},"end":{"line":62,"column":6}},"11":{"start":{"line":65,"column":9},"end":{"line":65,"column":15}}},"fnMap":{"0":{"name":"(anonymous_0)","decl":{"start":{"line":39,"column":41},"end":{"line":39,"column":46}},"loc":{"start":{"line":39,"column":49},"end":{"line":63,"column":1}}}},"branchMap":{"0":{"loc":{"start":{"line":60,"column":27},"end":{"line":60,"column":35}},"type":"binary-expr","locations":[{"start":{"line":60,"column":27},"end":{"line":60,"column":35}},{"start":{"line":60,"column":39},"end":{"line":60,"column":40}}]}},"s":{"0":1,"1":1,"2":1,"3":1,"4":1,"5":1,"6":1,"7":1,"8":1,"9":1,"10":1,"11":1},"f":{"0":1},"b":{"0":[1,1]}}
,"/Users/andreas.aarvold/Documents/dev/ACN/workshop-github-actions/src/containers/home/Home.tsx": {"path":"/Users/andreas.aarvold/Documents/dev/ACN/workshop-github-actions/src/containers/home/Home.tsx","statementMap":{"0":{"start":{"line":1,"column":0},"end":{"line":1,"column":31}},"1":{"start":{"line":2,"column":0},"end":{"line":2,"column":39}},"2":{"start":{"line":4,"column":0},"end":{"line":4,"column":34}},"3":{"start":{"line":5,"column":0},"end":{"line":5,"column":38}},"4":{"start":{"line":7,"column":18},"end":{"line":11,"column":2}},"5":{"start":{"line":13,"column":23},"end":{"line":22,"column":1}},"6":{"start":{"line":14,"column":24},"end":{"line":14,"column":49}},"7":{"start":{"line":16,"column":4},"end":{"line":21,"column":6}},"8":{"start":{"line":24,"column":9},"end":{"line":24,"column":13}}},"fnMap":{"0":{"name":"(anonymous_0)","decl":{"start":{"line":13,"column":23},"end":{"line":13,"column":26}},"loc":{"start":{"line":13,"column":28},"end":{"line":22,"column":1}}}},"branchMap":{},"s":{"0":1,"1":1,"2":1,"3":1,"4":1,"5":1,"6":2,"7":1,"8":1},"f":{"0":2},"b":{}}
,"/Users/andreas.aarvold/Documents/dev/ACN/workshop-github-actions/src/containers/home/TaskList.tsx": {"path":"/Users/andreas.aarvold/Documents/dev/ACN/workshop-github-actions/src/containers/home/TaskList.tsx","statementMap":{"0":{"start":{"line":1,"column":0},"end":{"line":1,"column":31}},"1":{"start":{"line":3,"column":0},"end":{"line":3,"column":40}},"2":{"start":{"line":4,"column":0},"end":{"line":4,"column":73}},"3":{"start":{"line":6,"column":0},"end":{"line":6,"column":59}},"4":{"start":{"line":7,"column":0},"end":{"line":7,"column":70}},"5":{"start":{"line":8,"column":0},"end":{"line":8,"column":66}},"6":{"start":{"line":9,"column":0},"end":{"line":9,"column":77}},"7":{"start":{"line":10,"column":0},"end":{"line":10,"column":53}},"8":{"start":{"line":11,"column":0},"end":{"line":11,"column":64}},"9":{"start":{"line":12,"column":0},"end":{"line":12,"column":55}},"10":{"start":{"line":13,"column":0},"end":{"line":13,"column":66}},"11":{"start":{"line":14,"column":0},"end":{"line":14,"column":51}},"12":{"start":{"line":15,"column":0},"end":{"line":15,"column":62}},"13":{"start":{"line":16,"column":0},"end":{"line":16,"column":55}},"14":{"start":{"line":17,"column":0},"end":{"line":17,"column":66}},"15":{"start":{"line":18,"column":0},"end":{"line":18,"column":51}},"16":{"start":{"line":19,"column":0},"end":{"line":19,"column":62}},"17":{"start":{"line":21,"column":62},"end":{"line":82,"column":1}},"18":{"start":{"line":22,"column":38},"end":{"line":22,"column":70}},"19":{"start":{"line":24,"column":4},"end":{"line":30,"column":11}},"20":{"start":{"line":25,"column":8},"end":{"line":28,"column":11}},"21":{"start":{"line":26,"column":12},"end":{"line":26,"column":28}},"22":{"start":{"line":27,"column":12},"end":{"line":27,"column":35}},"23":{"start":{"line":32,"column":4},"end":{"line":81,"column":6}},"24":{"start":{"line":84,"column":9},"end":{"line":84,"column":17}}},"fnMap":{"0":{"name":"(anonymous_0)","decl":{"start":{"line":21,"column":62},"end":{"line":21,"column":67}},"loc":{"start":{"line":21,"column":70},"end":{"line":82,"column":1}}},"1":{"name":"(anonymous_1)","decl":{"start":{"line":24,"column":20},"end":{"line":24,"column":23}},"loc":{"start":{"line":24,"column":25},"end":{"line":30,"column":5}}},"2":{"name":"(anonymous_2)","decl":{"start":{"line":25,"column":33},"end":{"line":25,"column":34}},"loc":{"start":{"line":25,"column":37},"end":{"line":28,"column":9}}}},"branchMap":{"0":{"loc":{"start":{"line":35,"column":36},"end":{"line":35,"column":38}},"type":"cond-expr","locations":[{"start":{"line":35,"column":36},"end":{"line":35,"column":38}},{"start":{"line":35,"column":27},"end":{"line":35,"column":44}}]},"1":{"loc":{"start":{"line":35,"column":27},"end":{"line":35,"column":38}},"type":"binary-expr","locations":[{"start":{"line":35,"column":27},"end":{"line":35,"column":38}},{"start":{"line":35,"column":27},"end":{"line":35,"column":38}}]},"2":{"loc":{"start":{"line":42,"column":36},"end":{"line":42,"column":38}},"type":"cond-expr","locations":[{"start":{"line":42,"column":36},"end":{"line":42,"column":38}},{"start":{"line":42,"column":27},"end":{"line":42,"column":42}}]},"3":{"loc":{"start":{"line":42,"column":27},"end":{"line":42,"column":38}},"type":"binary-expr","locations":[{"start":{"line":42,"column":27},"end":{"line":42,"column":38}},{"start":{"line":42,"column":27},"end":{"line":42,"column":38}}]},"4":{"loc":{"start":{"line":48,"column":36},"end":{"line":48,"column":38}},"type":"cond-expr","locations":[{"start":{"line":48,"column":36},"end":{"line":48,"column":38}},{"start":{"line":48,"column":27},"end":{"line":48,"column":42}}]},"5":{"loc":{"start":{"line":48,"column":27},"end":{"line":48,"column":38}},"type":"binary-expr","locations":[{"start":{"line":48,"column":27},"end":{"line":48,"column":38}},{"start":{"line":48,"column":27},"end":{"line":48,"column":38}}]},"6":{"loc":{"start":{"line":55,"column":36},"end":{"line":55,"column":38}},"type":"cond-expr","locations":[{"start":{"line":55,"column":36},"end":{"line":55,"column":38}},{"start":{"line":55,"column":27},"end":{"line":55,"column":44}}]},"7":{"loc":{"start":{"line":55,"column":27},"end":{"line":55,"column":38}},"type":"binary-expr","locations":[{"start":{"line":55,"column":27},"end":{"line":55,"column":38}},{"start":{"line":55,"column":27},"end":{"line":55,"column":38}}]},"8":{"loc":{"start":{"line":61,"column":36},"end":{"line":61,"column":38}},"type":"cond-expr","locations":[{"start":{"line":61,"column":36},"end":{"line":61,"column":38}},{"start":{"line":61,"column":27},"end":{"line":61,"column":44}}]},"9":{"loc":{"start":{"line":61,"column":27},"end":{"line":61,"column":38}},"type":"binary-expr","locations":[{"start":{"line":61,"column":27},"end":{"line":61,"column":38}},{"start":{"line":61,"column":27},"end":{"line":61,"column":38}}]},"10":{"loc":{"start":{"line":68,"column":36},"end":{"line":68,"column":38}},"type":"cond-expr","locations":[{"start":{"line":68,"column":36},"end":{"line":68,"column":38}},{"start":{"line":68,"column":27},"end":{"line":68,"column":49}}]},"11":{"loc":{"start":{"line":68,"column":27},"end":{"line":68,"column":38}},"type":"binary-expr","locations":[{"start":{"line":68,"column":27},"end":{"line":68,"column":38}},{"start":{"line":68,"column":27},"end":{"line":68,"column":38}}]},"12":{"loc":{"start":{"line":74,"column":36},"end":{"line":74,"column":38}},"type":"cond-expr","locations":[{"start":{"line":74,"column":36},"end":{"line":74,"column":38}},{"start":{"line":74,"column":27},"end":{"line":74,"column":44}}]},"13":{"loc":{"start":{"line":74,"column":27},"end":{"line":74,"column":38}},"type":"binary-expr","locations":[{"start":{"line":74,"column":27},"end":{"line":74,"column":38}},{"start":{"line":74,"column":27},"end":{"line":74,"column":38}}]}},"s":{"0":1,"1":1,"2":1,"3":1,"4":1,"5":1,"6":1,"7":1,"8":1,"9":1,"10":1,"11":1,"12":1,"13":1,"14":1,"15":1,"16":1,"17":1,"18":3,"19":2,"20":1,"21":1,"22":1,"23":2,"24":1},"f":{"0":3,"1":1,"2":1},"b":{"0":[1,1],"1":[2,1],"2":[1,1],"3":[2,1],"4":[1,1],"5":[2,1],"6":[1,1],"7":[2,1],"8":[1,1],"9":[2,1],"10":[1,1],"11":[2,1],"12":[1,1],"13":[2,1]}}
,"/Users/andreas.aarvold/Documents/dev/ACN/workshop-github-actions/src/hooks/validator.ts": {"path":"/Users/andreas.aarvold/Documents/dev/ACN/workshop-github-actions/src/hooks/validator.ts","statementMap":{"0":{"start":{"line":1,"column":0},"end":{"line":1,"column":28}},"1":{"start":{"line":2,"column":0},"end":{"line":2,"column":45}},"2":{"start":{"line":14,"column":22},"end":{"line":22,"column":1}},"3":{"start":{"line":15,"column":13},"end":{"line":15,"column":14}},"4":{"start":{"line":16,"column":4},"end":{"line":20,"column":7}},"5":{"start":{"line":17,"column":8},"end":{"line":19,"column":null}},"6":{"start":{"line":18,"column":12},"end":{"line":18,"column":32}},"7":{"start":{"line":21,"column":4},"end":{"line":21,"column":14}},"8":{"start":{"line":14,"column":13},"end":{"line":14,"column":22}},"9":{"start":{"line":24,"column":28},"end":{"line":44,"column":2}},"10":{"start":{"line":24,"column":60},"end":{"line":44,"column":2}},"11":{"start":{"line":25,"column":22},"end":{"line":25,"column":47}},"12":{"start":{"line":26,"column":4},"end":{"line":43,"column":6}},"13":{"start":{"line":24,"column":13},"end":{"line":24,"column":28}},"14":{"start":{"line":46,"column":21},"end":{"line":48,"column":1}},"15":{"start":{"line":47,"column":4},"end":{"line":47,"column":41}},"16":{"start":{"line":50,"column":26},"end":{"line":57,"column":2}},"17":{"start":{"line":50,"column":54},"end":{"line":57,"column":2}},"18":{"start":{"line":51,"column":4},"end":{"line":56,"column":null}},"19":{"start":{"line":52,"column":21},"end":{"line":52,"column":55}},"20":{"start":{"line":53,"column":8},"end":{"line":53,"column":33}},"21":{"start":{"line":55,"column":8},"end":{"line":55,"column":23}}},"fnMap":{"0":{"name":"(anonymous_7)","decl":{"start":{"line":14,"column":22},"end":{"line":14,"column":23}},"loc":{"start":{"line":14,"column":56},"end":{"line":22,"column":1}}},"1":{"name":"(anonymous_8)","decl":{"start":{"line":16,"column":25},"end":{"line":16,"column":26}},"loc":{"start":{"line":16,"column":34},"end":{"line":20,"column":5}}},"2":{"name":"(anonymous_9)","decl":{"start":{"line":24,"column":28},"end":{"line":24,"column":58}},"loc":{"start":{"line":24,"column":60},"end":{"line":44,"column":2}}},"3":{"name":"(anonymous_10)","decl":{"start":{"line":24,"column":60},"end":{"line":24,"column":null}},"loc":{"start":{"line":24,"column":60},"end":{"line":44,"column":1}}},"4":{"name":"(anonymous_11)","decl":{"start":{"line":46,"column":21},"end":{"line":46,"column":22}},"loc":{"start":{"line":46,"column":65},"end":{"line":48,"column":1}}},"5":{"name":"(anonymous_12)","decl":{"start":{"line":50,"column":26},"end":{"line":50,"column":52}},"loc":{"start":{"line":50,"column":54},"end":{"line":57,"column":2}}},"6":{"name":"(anonymous_13)","decl":{"start":{"line":50,"column":54},"end":{"line":50,"column":null}},"loc":{"start":{"line":50,"column":54},"end":{"line":57,"column":1}}}},"branchMap":{"0":{"loc":{"start":{"line":17,"column":8},"end":{"line":19,"column":null}},"type":"if","locations":[{"start":{"line":17,"column":8},"end":{"line":19,"column":null}},{"start":{"line":17,"column":8},"end":{"line":19,"column":null}}]},"1":{"loc":{"start":{"line":33,"column":12},"end":{"line":33,"column":59}},"type":"binary-expr","locations":[{"start":{"line":33,"column":12},"end":{"line":33,"column":59}},{"start":{"line":34,"column":12},"end":{"line":34,"column":60}}]},"2":{"loc":{"start":{"line":38,"column":12},"end":{"line":38,"column":48}},"type":"binary-expr","locations":[{"start":{"line":38,"column":12},"end":{"line":38,"column":48}},{"start":{"line":39,"column":12},"end":{"line":39,"column":46}}]},"3":{"loc":{"start":{"line":41,"column":12},"end":{"line":41,"column":63}},"type":"binary-expr","locations":[{"start":{"line":41,"column":12},"end":{"line":41,"column":63}},{"start":{"line":42,"column":12},"end":{"line":42,"column":58}}]}},"s":{"0":1,"1":1,"2":1,"3":1,"4":1,"5":7,"6":0,"7":1,"8":1,"9":1,"10":1,"11":1,"12":1,"13":1,"14":1,"15":6,"16":1,"17":1,"18":1,"19":1,"20":0,"21":1},"f":{"0":1,"1":7,"2":1,"3":1,"4":6,"5":1,"6":1},"b":{"0":[0,7],"1":[1,0],"2":[1,0],"3":[1,0]}}
,"/Users/andreas.aarvold/Documents/dev/ACN/workshop-github-actions/src/state/initial-intl-messages.ts": {"path":"/Users/andreas.aarvold/Documents/dev/ACN/workshop-github-actions/src/state/initial-intl-messages.ts","statementMap":{"0":{"start":{"line":3,"column":30},"end":{"line":22,"column":2}},"1":{"start":{"line":24,"column":0},"end":{"line":24,"column":37}}},"fnMap":{},"branchMap":{},"s":{"0":2,"1":2},"f":{},"b":{}}
,"/Users/andreas.aarvold/Documents/dev/ACN/workshop-github-actions/test-utils/styleTransformer.ts": {"path":"/Users/andreas.aarvold/Documents/dev/ACN/workshop-github-actions/test-utils/styleTransformer.ts","statementMap":{"0":{"start":{"line":1,"column":13},"end":{"line":1,"column":28}},"1":{"start":{"line":3,"column":0},"end":{"line":7,"column":2}},"2":{"start":{"line":5,"column":8},"end":{"line":5,"column":78}}},"fnMap":{"0":{"name":"(anonymous_0)","decl":{"start":{"line":4,"column":4},"end":{"line":4,"column":11}},"loc":{"start":{"line":4,"column":42},"end":{"line":6,"column":5}}}},"branchMap":{},"s":{"0":2,"1":2,"2":0},"f":{"0":0},"b":{}}
,"/Users/andreas.aarvold/Documents/dev/ACN/workshop-github-actions/test-utils/testUtil.tsx": {"path":"/Users/andreas.aarvold/Documents/dev/ACN/workshop-github-actions/test-utils/testUtil.tsx","statementMap":{"0":{"start":{"line":2,"column":0},"end":{"line":2,"column":63}},"1":{"start":{"line":3,"column":0},"end":{"line":3,"column":31}},"2":{"start":{"line":4,"column":0},"end":{"line":4,"column":42}},"3":{"start":{"line":6,"column":0},"end":{"line":6,"column":71}},"4":{"start":{"line":8,"column":31},"end":{"line":14,"column":null}},"5":{"start":{"line":9,"column":4},"end":{"line":13,"column":null}},"6":{"start":{"line":17,"column":21},"end":{"line":20,"column":54}},"7":{"start":{"line":20,"column":5},"end":{"line":20,"column":54}},"8":{"start":{"line":23,"column":25},"end":{"line":23,"column":31}},"9":{"start":{"line":22,"column":0},"end":{"line":22,"column":39}}},"fnMap":{"0":{"name":"(anonymous_4)","decl":{"start":{"line":8,"column":31},"end":{"line":8,"column":32}},"loc":{"start":{"line":9,"column":4},"end":{"line":13,"column":null}}},"1":{"name":"(anonymous_5)","decl":{"start":{"line":17,"column":21},"end":{"line":17,"column":null}},"loc":{"start":{"line":20,"column":5},"end":{"line":20,"column":54}}}},"branchMap":{},"s":{"0":2,"1":2,"2":2,"3":2,"4":2,"5":2,"6":2,"7":2,"8":2,"9":2},"f":{"0":2,"1":2},"b":{}}
}
