TN:
SF:src/assets/styles/globalStyles.ts
FNF:0
FNH:0
DA:1,1
DA:3,1
DA:5,1
DA:65,1
LF:4
LH:4
BRF:0
BRH:0
end_of_record
TN:
SF:src/assets/styles/index.ts
FNF:0
FNH:0
DA:1,2
LF:1
LH:1
BRF:0
BRH:0
end_of_record
TN:
SF:src/assets/styles/styleVariables.ts
FNF:0
FNH:0
DA:1,2
DA:15,2
DA:25,2
DA:29,2
DA:33,2
DA:38,2
DA:40,2
DA:47,2
LF:8
LH:8
BRF:0
BRH:0
end_of_record
TN:
SF:src/components/index.ts
FNF:0
FNH:0
DA:1,1
LF:1
LH:1
BRF:0
BRH:0
end_of_record
TN:
SF:src/components/Task/Task.tsx
FN:22,(anonymous_0)
FN:29,(anonymous_1)
FN:35,(anonymous_2)
FN:40,(anonymous_3)
FN:49,(anonymous_4)
FNF:5
FNH:5
FNDA:15,(anonymous_0)
FNDA:15,(anonymous_1)
FNDA:15,(anonymous_2)
FNDA:15,(anonymous_3)
FNDA:15,(anonymous_4)
DA:1,2
DA:2,2
DA:3,2
DA:5,2
DA:16,2
DA:23,15
DA:26,2
DA:29,15
DA:33,2
DA:35,15
DA:38,2
DA:40,15
DA:44,2
DA:49,2
DA:50,15
DA:68,2
LF:16
LH:16
BRDA:23,0,0,1
BRDA:23,0,1,14
BRDA:29,1,0,7
BRDA:29,1,1,8
BRDA:35,2,0,7
BRDA:35,2,1,8
BRDA:40,3,0,7
BRDA:40,3,1,8
BRDA:58,4,0,1
BRDA:58,4,1,14
BRF:10
BRH:10
end_of_record
TN:
SF:src/components/Task/index.ts
FNF:0
FNH:0
DA:1,1
LF:1
LH:1
BRF:0
BRH:0
end_of_record
TN:
SF:src/constants/taskpt.ts
FNF:0
FNH:0
DA:1,1
LF:1
LH:1
BRF:0
BRH:0
end_of_record
TN:
SF:src/containers/app/App.tsx
FN:21,(anonymous_0)
FNF:1
FNH:1
FNDA:2,(anonymous_0)
DA:1,1
DA:2,1
DA:3,1
DA:5,1
DA:6,1
DA:7,1
DA:9,1
DA:10,1
DA:12,1
DA:19,1
DA:21,1
DA:22,2
DA:35,1
LF:13
LH:13
BRF:0
BRH:0
end_of_record
TN:
SF:src/containers/home/Header.tsx
FN:39,(anonymous_0)
FNF:1
FNH:1
FNDA:1,(anonymous_0)
DA:1,1
DA:2,1
DA:4,1
DA:6,1
DA:15,1
DA:21,1
DA:26,1
DA:31,1
DA:35,1
DA:39,1
DA:40,1
DA:65,1
LF:12
LH:12
BRDA:60,0,0,1
BRDA:60,0,1,1
BRF:2
BRH:2
end_of_record
TN:
SF:src/containers/home/Home.tsx
FN:13,(anonymous_0)
FNF:1
FNH:1
FNDA:2,(anonymous_0)
DA:1,1
DA:2,1
DA:4,1
DA:5,1
DA:7,1
DA:13,1
DA:14,2
DA:16,1
DA:24,1
LF:9
LH:9
BRF:0
BRH:0
end_of_record
TN:
SF:src/containers/home/TaskList.tsx
FN:21,(anonymous_0)
FN:24,(anonymous_1)
FN:25,(anonymous_2)
FNF:3
FNH:3
FNDA:3,(anonymous_0)
FNDA:1,(anonymous_1)
FNDA:1,(anonymous_2)
DA:1,1
DA:3,1
DA:4,1
DA:6,1
DA:7,1
DA:8,1
DA:9,1
DA:10,1
DA:11,1
DA:12,1
DA:13,1
DA:14,1
DA:15,1
DA:16,1
DA:17,1
DA:18,1
DA:19,1
DA:21,1
DA:22,3
DA:24,2
DA:25,1
DA:26,1
DA:27,1
DA:32,2
DA:84,1
LF:25
LH:25
BRDA:35,0,0,1
BRDA:35,0,1,1
BRDA:35,1,0,2
BRDA:35,1,1,1
BRDA:42,2,0,1
BRDA:42,2,1,1
BRDA:42,3,0,2
BRDA:42,3,1,1
BRDA:48,4,0,1
BRDA:48,4,1,1
BRDA:48,5,0,2
BRDA:48,5,1,1
BRDA:55,6,0,1
BRDA:55,6,1,1
BRDA:55,7,0,2
BRDA:55,7,1,1
BRDA:61,8,0,1
BRDA:61,8,1,1
BRDA:61,9,0,2
BRDA:61,9,1,1
BRDA:68,10,0,1
BRDA:68,10,1,1
BRDA:68,11,0,2
BRDA:68,11,1,1
BRDA:74,12,0,1
BRDA:74,12,1,1
BRDA:74,13,0,2
BRDA:74,13,1,1
BRF:28
BRH:28
end_of_record
TN:
SF:src/hooks/validator.ts
FN:14,(anonymous_7)
FN:16,(anonymous_8)
FN:24,(anonymous_9)
FN:24,(anonymous_10)
FN:46,(anonymous_11)
FN:50,(anonymous_12)
FN:50,(anonymous_13)
FNF:7
FNH:7
FNDA:1,(anonymous_7)
FNDA:7,(anonymous_8)
FNDA:1,(anonymous_9)
FNDA:1,(anonymous_10)
FNDA:6,(anonymous_11)
FNDA:1,(anonymous_12)
FNDA:1,(anonymous_13)
DA:1,1
DA:2,1
DA:14,1
DA:15,1
DA:16,1
DA:17,7
DA:18,0
DA:21,1
DA:24,1
DA:25,1
DA:26,1
DA:46,1
DA:47,6
DA:50,1
DA:51,1
DA:52,1
DA:53,0
DA:55,1
LF:18
LH:16
BRDA:17,0,0,0
BRDA:17,0,1,7
BRDA:33,1,0,1
BRDA:33,1,1,0
BRDA:38,2,0,1
BRDA:38,2,1,0
BRDA:41,3,0,1
BRDA:41,3,1,0
BRF:8
BRH:4
end_of_record
TN:
SF:src/state/initial-intl-messages.ts
FNF:0
FNH:0
DA:3,2
DA:24,2
LF:2
LH:2
BRF:0
BRH:0
end_of_record
TN:
SF:test-utils/styleTransformer.ts
FN:4,(anonymous_0)
FNF:1
FNH:0
FNDA:0,(anonymous_0)
DA:1,2
DA:3,2
DA:5,0
LF:3
LH:2
BRF:0
BRH:0
end_of_record
TN:
SF:test-utils/testUtil.tsx
FN:8,(anonymous_4)
FN:17,(anonymous_5)
FNF:2
FNH:2
FNDA:2,(anonymous_4)
FNDA:2,(anonymous_5)
DA:2,2
DA:3,2
DA:4,2
DA:6,2
DA:8,2
DA:9,2
DA:17,2
DA:20,2
DA:22,2
DA:23,2
LF:10
LH:10
BRF:0
BRH:0
end_of_record
